[0m20:22:37.844679 [debug] [MainThread]: Sending event: {'category': 'dbt', 'action': 'invocation', 'label': 'start', 'context': [<snowplow_tracker.self_describing_json.SelfDescribingJson object at 0x000001F8FCB5EA20>, <snowplow_tracker.self_describing_json.SelfDescribingJson object at 0x000001F8FA324C20>, <snowplow_tracker.self_describing_json.SelfDescribingJson object at 0x000001F8FCE0D100>]}


============================== 20:22:37.844679 | 240828dc-13a3-4327-9b5a-a25bb7a4725d ==============================
[0m20:22:37.844679 [info ] [MainThread]: Running with dbt=1.8.7
[0m20:22:37.844679 [debug] [MainThread]: running dbt with arguments {'printer_width': '80', 'indirect_selection': 'eager', 'write_json': 'True', 'log_cache_events': 'False', 'partial_parse': 'True', 'cache_selected_only': 'False', 'profiles_dir': 'C:\\Users\\Leandro Maciel\\.dbt', 'fail_fast': 'False', 'debug': 'False', 'log_path': 'logs', 'warn_error': 'None', 'version_check': 'True', 'use_colors': 'True', 'use_experimental_parser': 'False', 'no_print': 'None', 'quiet': 'False', 'empty': 'None', 'log_format': 'default', 'introspect': 'True', 'invocation_command': 'dbt init vendas_dbt', 'warn_error_options': 'WarnErrorOptions(include=[], exclude=[])', 'target_path': 'None', 'static_parser': 'True', 'send_anonymous_usage_stats': 'True'}
[0m20:22:37.860397 [debug] [MainThread]: Starter project path: C:\workspace\datawarehouse\.venv\Lib\site-packages\dbt\include\starter_project
[0m20:22:37.875975 [info ] [MainThread]: 
Your new dbt project "vendas_dbt" was created!

For more information on how to configure the profiles.yml file,
please consult the dbt documentation here:

  https://docs.getdbt.com/docs/configure-your-profile

One more thing:

Need help? Don't hesitate to reach out to us via GitHub issues or on Slack:

  https://community.getdbt.com/

Happy modeling!

[0m20:22:37.875975 [info ] [MainThread]: Setting up your profile.
[0m20:30:43.004908 [debug] [MainThread]: Sending event: {'category': 'dbt', 'action': 'invocation', 'label': 'start', 'context': [<snowplow_tracker.self_describing_json.SelfDescribingJson object at 0x0000026FF7DFC620>, <snowplow_tracker.self_describing_json.SelfDescribingJson object at 0x0000026FF46208C0>, <snowplow_tracker.self_describing_json.SelfDescribingJson object at 0x0000026FF77C6870>]}


============================== 20:30:43.010226 | 50483588-5061-4055-87db-3130d937ab62 ==============================
[0m20:30:43.010226 [info ] [MainThread]: Running with dbt=1.8.7
[0m20:30:43.011119 [debug] [MainThread]: running dbt with arguments {'printer_width': '80', 'indirect_selection': 'eager', 'write_json': 'True', 'log_cache_events': 'False', 'partial_parse': 'True', 'cache_selected_only': 'False', 'profiles_dir': 'C:\\Users\\Leandro Maciel\\.dbt', 'version_check': 'True', 'fail_fast': 'False', 'log_path': 'logs', 'warn_error': 'None', 'debug': 'False', 'use_colors': 'True', 'use_experimental_parser': 'False', 'empty': 'None', 'quiet': 'False', 'no_print': 'None', 'log_format': 'default', 'static_parser': 'True', 'invocation_command': 'dbt init vendas_dbt', 'introspect': 'True', 'target_path': 'None', 'warn_error_options': 'WarnErrorOptions(include=[], exclude=[])', 'send_anonymous_usage_stats': 'True'}
[0m20:30:43.079664 [info ] [MainThread]: A project called vendas_dbt already exists here.
[0m20:30:43.080678 [debug] [MainThread]: Command `dbt init` succeeded at 20:30:43.080678 after 0.17 seconds
[0m20:30:43.080678 [debug] [MainThread]: Sending event: {'category': 'dbt', 'action': 'invocation', 'label': 'end', 'context': [<snowplow_tracker.self_describing_json.SelfDescribingJson object at 0x0000026FF7DFC620>, <snowplow_tracker.self_describing_json.SelfDescribingJson object at 0x0000026FF8011520>, <snowplow_tracker.self_describing_json.SelfDescribingJson object at 0x0000026FF7D3C9B0>]}
[0m20:30:43.081663 [debug] [MainThread]: Flushing usage events
